<?xml version="1.0" encoding="UTF-8"?>
<testsuite name="com.transit.domain.GetModesUseCaseTest" tests="1" skipped="0" failures="0" errors="0" timestamp="2019-02-21T22:13:55" hostname="MacBook-Air-5.local" time="0.014">
  <properties/>
  <testcase name="execute() gets transit modes" classname="com.transit.domain.GetModesUseCaseTest" time="0.014"/>
  <system-out><![CDATA[]]></system-out>
  <system-err><![CDATA[]]></system-err>
</testsuite>
